<?xml version="1.0" encoding="UTF-8"?>
<!-- Generated by org.testng.reporters.JUnitReportReporter -->
<testsuite hostname="LAPTOP-991QHS6C" failures="0" tests="1" name="com.appium.Appium.Base" time="12.652" errors="0" timestamp="2024-05-09T18:53:21 IST" skipped="0">
  <testcase classname="com.appium.Appium.Base" name="configuration" time="12.652"/>
</testsuite> <!-- com.appium.Appium.Base -->
